<?xml version="1.0" encoding="UTF-8"?>
<testsuite name="com.example.BackEndChallenge.BackEndChallengeApplicationTests" tests="1" skipped="0" failures="0" errors="0" timestamp="2023-03-20T07:57:27" hostname="FRANKSDESKTOP" time="0.345">
  <properties/>
  <testcase name="contextLoads()" classname="com.example.BackEndChallenge.BackEndChallengeApplicationTests" time="0.345"/>
  <system-out><![CDATA[02:57:26.728 [Test worker] DEBUG org.springframework.boot.test.context.SpringBootTestContextBootstrapper - Neither @ContextConfiguration nor @ContextHierarchy found for test class [BackEndChallengeApplicationTests]: using SpringBootContextLoader
02:57:26.732 [Test worker] DEBUG org.springframework.test.context.support.AbstractContextLoader - Could not detect default resource locations for test class [com.example.BackEndChallenge.BackEndChallengeApplicationTests]: no resource found for suffixes {-context.xml, Context.groovy}.
02:57:26.732 [Test worker] INFO org.springframework.test.context.support.AnnotationConfigContextLoaderUtils - Could not detect default configuration classes for test class [com.example.BackEndChallenge.BackEndChallengeApplicationTests]: BackEndChallengeApplicationTests does not declare any static, non-private, non-final, nested classes annotated with @Configuration.
02:57:26.750 [Test worker] DEBUG org.springframework.boot.test.context.SpringBootTestContextBootstrapper - Using ContextCustomizers for test class [BackEndChallengeApplicationTests]: [DisableObservabilityContextCustomizer, PropertyMappingContextCustomizer, Customizer, ExcludeFilterContextCustomizer, DuplicateJsonObjectContextCustomizer, MockitoContextCustomizer, TestRestTemplateContextCustomizer]
02:57:26.799 [Test worker] DEBUG org.springframework.context.annotation.ClassPathScanningCandidateComponentProvider - Identified candidate component class: file [C:\Users\Frank\Documents\GitHub\EngineeringAsyncChallenge\BackEndChallenge\build\classes\java\main\com\example\BackEndChallenge\BackEndChallengeApplication.class]
02:57:26.811 [Test worker] INFO org.springframework.boot.test.context.SpringBootTestContextBootstrapper - Found @SpringBootConfiguration com.example.BackEndChallenge.BackEndChallengeApplication for test class com.example.BackEndChallenge.BackEndChallengeApplicationTests
02:57:26.892 [Test worker] DEBUG org.springframework.test.context.util.TestContextSpringFactoriesUtils - Skipping candidate TestExecutionListener [org.springframework.test.context.transaction.TransactionalTestExecutionListener] due to a missing dependency. Specify custom TestExecutionListener classes or make the default TestExecutionListener classes and their required dependencies available. Offending class: [org/springframework/transaction/interceptor/TransactionAttributeSource]
02:57:26.893 [Test worker] DEBUG org.springframework.test.context.util.TestContextSpringFactoriesUtils - Skipping candidate TestExecutionListener [org.springframework.test.context.jdbc.SqlScriptsTestExecutionListener] due to a missing dependency. Specify custom TestExecutionListener classes or make the default TestExecutionListener classes and their required dependencies available. Offending class: [org/springframework/transaction/interceptor/TransactionAttribute]
02:57:26.895 [Test worker] DEBUG org.springframework.boot.test.context.SpringBootTestContextBootstrapper - Using TestExecutionListeners for test class [BackEndChallengeApplicationTests]: [ServletTestExecutionListener, DirtiesContextBeforeModesTestExecutionListener, ApplicationEventsTestExecutionListener, MockitoTestExecutionListener, DependencyInjectionTestExecutionListener, DirtiesContextTestExecutionListener, EventPublishingTestExecutionListener, RestDocsTestExecutionListener, MockRestServiceServerResetTestExecutionListener, MockMvcPrintOnlyOnFailureTestExecutionListener, WebDriverTestExecutionListener, MockWebServiceServerTestExecutionListener, ResetMocksTestExecutionListener]
02:57:26.896 [Test worker] DEBUG org.springframework.test.context.support.AbstractDirtiesContextTestExecutionListener - Before test class: class [BackEndChallengeApplicationTests], class annotated with @DirtiesContext [false] with mode [null]

  .   ____          _            __ _ _
 /\\ / ___'_ __ _ _(_)_ __  __ _ \ \ \ \
( ( )\___ | '_ | '_| | '_ \/ _` | \ \ \ \
 \\/  ___)| |_)| | | | | || (_| |  ) ) ) )
  '  |____| .__|_| |_|_| |_\__, | / / / /
 =========|_|==============|___/=/_/_/_/
 :: Spring Boot ::                (v3.0.4)

2023-03-20T02:57:27.100-05:00  INFO 28556 --- [    Test worker] c.e.B.BackEndChallengeApplicationTests   : Starting BackEndChallengeApplicationTests using Java 17.0.1 with PID 28556 (started by Frank in C:\Users\Frank\Documents\GitHub\EngineeringAsyncChallenge\BackEndChallenge)
2023-03-20T02:57:27.102-05:00  INFO 28556 --- [    Test worker] c.e.B.BackEndChallengeApplicationTests   : No active profile set, falling back to 1 default profile: "default"
2023-03-20T02:57:27.941-05:00  INFO 28556 --- [    Test worker] c.e.B.BackEndChallengeApplicationTests   : Started BackEndChallengeApplicationTests in 1.009 seconds (process running for 1.819)
]]></system-out>
  <system-err><![CDATA[]]></system-err>
</testsuite>
